<?xml version="1.0" encoding="UTF-8"?>
<!-- Generated by org.testng.reporters.JUnitXMLReporter -->
<testsuite ignored="4" hostname="kemas" failures="0" tests="5" name="Test" time="90.568" errors="0" timestamp="2022-04-26T10:49:36 IST">
  <testcase classname="com.mohs.scripts.LoginAndOrder" name="LoginAndOrderTestCase" time="22.128"/>
  <testcase classname="com.mohs.scripts.AddProductToCart" name="AddProductToCartTestCase" time="14.165"/>
  <testcase classname="com.mohs.scripts.AddProductToWishList" name="AddProductToWishListTestCase" time="13.034"/>
  <testcase classname="com.mohs.scripts.InvalidLogIn" name="InvalidLogInTestCase" time="9.547"/>
  <testcase classname="com.mohs.scripts.Sitemap_searchprod" name="Sitemap_searchprodTestCase" time="12.654"/>
  <testcase classname="com.mohs.config.StartBrowser" name="@BeforeTest generateReport" time="0.0">
    <ignored/>
  </testcase> <!-- @BeforeTest generateReport -->
  <testcase classname="com.mohs.config.StartBrowser" name="@BeforeTest generateReport" time="0.0">
    <ignored/>
  </testcase> <!-- @BeforeTest generateReport -->
  <testcase classname="com.mohs.config.StartBrowser" name="@BeforeTest generateReport" time="0.0">
    <ignored/>
  </testcase> <!-- @BeforeTest generateReport -->
  <testcase classname="com.mohs.config.StartBrowser" name="@BeforeTest generateReport" time="0.0">
    <ignored/>
  </testcase> <!-- @BeforeTest generateReport -->
</testsuite> <!-- Test -->
