<?xml version="1.0" encoding="UTF-8"?>
<!-- Generated by org.testng.reporters.JUnitXMLReporter -->
<testsuite hostname="kemas" ignored="18" name="Test" tests="19" failures="0" timestamp="2022-03-29T13:00:02 IST" time="408.482" errors="0">
  <testcase name="AddPhProductToCartTestCase" time="20.805" classname="com.mohs.scripts.AddPhProductToCart"/>
  <testcase name="AddProductToCartTestCase" time="14.894" classname="com.mohs.scripts.AddProductToCart"/>
  <testcase name="AddProductToWishListTestCase" time="13.597" classname="com.mohs.scripts.AddProductToWishList"/>
  <testcase name="BlogbtnTestCase" time="11.305" classname="com.mohs.scripts.Blogbtn"/>
  <testcase name="CompareList1TestCase" time="29.675" classname="com.mohs.scripts.CompareList1"/>
  <testcase name="CompareList2TestCase" time="18.422" classname="com.mohs.scripts.CompareList2"/>
  <testcase name="ContactusTestCase" time="11.809" classname="com.mohs.scripts.Contactus"/>
  <testcase name="InvalidLogInTestCase" time="10.281" classname="com.mohs.scripts.InvalidLogIn"/>
  <testcase name="LoginAndOrderTestCase" time="19.648" classname="com.mohs.scripts.LoginAndOrder"/>
  <testcase name="LoginPageTestCase" time="11.515" classname="com.mohs.scripts.LoginPage"/>
  <testcase name="NewProductsTestCase" time="11.956" classname="com.mohs.scripts.NewProducts"/>
  <testcase name="NewsbtnTestCase" time="11.947" classname="com.mohs.scripts.Newsbtn"/>
  <testcase name="Recently_viewed_button1TestCase" time="13.947" classname="com.mohs.scripts.Recently_viewed_button1"/>
  <testcase name="Recently_viewed_button2TestCase" time="14.711" classname="com.mohs.scripts.Recently_viewed_button2"/>
  <testcase name="RegisterPageTestCase" time="11.445" classname="com.mohs.scripts.RegisterPage"/>
  <testcase name="ShippingandReturnsTestCase" time="9.232" classname="com.mohs.scripts.ShippingandReturns"/>
  <testcase name="ShoppingCartTestCase" time="9.685" classname="com.mohs.scripts.ShoppingCart"/>
  <testcase name="Sitemap_searchprodTestCase" time="17.284" classname="com.mohs.scripts.Sitemap_searchprod"/>
  <testcase name="SubscribeToYoutubeTestCase" time="18.048" classname="com.mohs.scripts.SubscribeToYoutube"/>
  <testcase name="@BeforeTest generateReport" time="0.0" classname="com.mohs.config.StartBrowser">
    <ignored/>
  </testcase> <!-- @BeforeTest generateReport -->
  <testcase name="@BeforeTest generateReport" time="0.0" classname="com.mohs.config.StartBrowser">
    <ignored/>
  </testcase> <!-- @BeforeTest generateReport -->
  <testcase name="@BeforeTest generateReport" time="0.0" classname="com.mohs.config.StartBrowser">
    <ignored/>
  </testcase> <!-- @BeforeTest generateReport -->
  <testcase name="@BeforeTest generateReport" time="0.0" classname="com.mohs.config.StartBrowser">
    <ignored/>
  </testcase> <!-- @BeforeTest generateReport -->
  <testcase name="@BeforeTest generateReport" time="0.0" classname="com.mohs.config.StartBrowser">
    <ignored/>
  </testcase> <!-- @BeforeTest generateReport -->
  <testcase name="@BeforeTest generateReport" time="0.0" classname="com.mohs.config.StartBrowser">
    <ignored/>
  </testcase> <!-- @BeforeTest generateReport -->
  <testcase name="@BeforeTest generateReport" time="0.0" classname="com.mohs.config.StartBrowser">
    <ignored/>
  </testcase> <!-- @BeforeTest generateReport -->
  <testcase name="@BeforeTest generateReport" time="0.0" classname="com.mohs.config.StartBrowser">
    <ignored/>
  </testcase> <!-- @BeforeTest generateReport -->
  <testcase name="@BeforeTest generateReport" time="0.0" classname="com.mohs.config.StartBrowser">
    <ignored/>
  </testcase> <!-- @BeforeTest generateReport -->
  <testcase name="@BeforeTest generateReport" time="0.0" classname="com.mohs.config.StartBrowser">
    <ignored/>
  </testcase> <!-- @BeforeTest generateReport -->
  <testcase name="@BeforeTest generateReport" time="0.0" classname="com.mohs.config.StartBrowser">
    <ignored/>
  </testcase> <!-- @BeforeTest generateReport -->
  <testcase name="@BeforeTest generateReport" time="0.0" classname="com.mohs.config.StartBrowser">
    <ignored/>
  </testcase> <!-- @BeforeTest generateReport -->
  <testcase name="@BeforeTest generateReport" time="0.0" classname="com.mohs.config.StartBrowser">
    <ignored/>
  </testcase> <!-- @BeforeTest generateReport -->
  <testcase name="@BeforeTest generateReport" time="0.0" classname="com.mohs.config.StartBrowser">
    <ignored/>
  </testcase> <!-- @BeforeTest generateReport -->
  <testcase name="@BeforeTest generateReport" time="0.0" classname="com.mohs.config.StartBrowser">
    <ignored/>
  </testcase> <!-- @BeforeTest generateReport -->
  <testcase name="@BeforeTest generateReport" time="0.0" classname="com.mohs.config.StartBrowser">
    <ignored/>
  </testcase> <!-- @BeforeTest generateReport -->
  <testcase name="@BeforeTest generateReport" time="0.0" classname="com.mohs.config.StartBrowser">
    <ignored/>
  </testcase> <!-- @BeforeTest generateReport -->
  <testcase name="@BeforeTest generateReport" time="0.0" classname="com.mohs.config.StartBrowser">
    <ignored/>
  </testcase> <!-- @BeforeTest generateReport -->
</testsuite> <!-- Test -->
