<?xml version="1.0" encoding="UTF-8"?>
<!-- Generated by org.testng.reporters.JUnitXMLReporter -->
<testsuite hostname="kemas" ignored="17" name="Test" tests="18" failures="0" timestamp="2022-05-13T17:29:49 IST" time="285.562" errors="0">
  <testcase name="AddPhProductToCartTestCase" time="14.342" classname="com.mohs.scripts.AddPhProductToCart"/>
  <testcase name="AddProductToCartTestCase" time="12.031" classname="com.mohs.scripts.AddProductToCart"/>
  <testcase name="AddProductToWishListTestCase" time="11.718" classname="com.mohs.scripts.AddProductToWishList"/>
  <testcase name="BlogbtnTestCase" time="10.721" classname="com.mohs.scripts.Blogbtn"/>
  <testcase name="CompareList1TestCase" time="17.343" classname="com.mohs.scripts.CompareList1"/>
  <testcase name="CompareList2TestCase" time="17.914" classname="com.mohs.scripts.CompareList2"/>
  <testcase name="ContactusTestCase" time="9.643" classname="com.mohs.scripts.Contactus"/>
  <testcase name="InvalidLogInTestCase" time="9.364" classname="com.mohs.scripts.InvalidLogIn"/>
  <testcase name="LoginAndOrderTestCase" time="18.502" classname="com.mohs.scripts.LoginAndOrder"/>
  <testcase name="LoginPageTestCase" time="10.472" classname="com.mohs.scripts.LoginPage"/>
  <testcase name="NewProductsTestCase" time="10.716" classname="com.mohs.scripts.NewProducts"/>
  <testcase name="NewsbtnTestCase" time="11.026" classname="com.mohs.scripts.Newsbtn"/>
  <testcase name="Recently_viewed_button1TestCase" time="14.675" classname="com.mohs.scripts.Recently_viewed_button1"/>
  <testcase name="Recently_viewed_button2TestCase" time="15.849" classname="com.mohs.scripts.Recently_viewed_button2"/>
  <testcase name="ShippingandReturnsTestCase" time="8.228" classname="com.mohs.scripts.ShippingandReturns"/>
  <testcase name="ShoppingCartTestCase" time="8.738" classname="com.mohs.scripts.ShoppingCart"/>
  <testcase name="Sitemap_searchprodTestCase" time="13.165" classname="com.mohs.scripts.Sitemap_searchprod"/>
  <testcase name="SubscribeToYoutubeTestCase" time="10.678" classname="com.mohs.scripts.SubscribeToYoutube"/>
  <testcase name="@BeforeTest generateReport" time="0.0" classname="com.mohs.config.StartBrowser">
    <ignored/>
  </testcase> <!-- @BeforeTest generateReport -->
  <testcase name="@BeforeTest generateReport" time="0.0" classname="com.mohs.config.StartBrowser">
    <ignored/>
  </testcase> <!-- @BeforeTest generateReport -->
  <testcase name="@BeforeTest generateReport" time="0.0" classname="com.mohs.config.StartBrowser">
    <ignored/>
  </testcase> <!-- @BeforeTest generateReport -->
  <testcase name="@BeforeTest generateReport" time="0.0" classname="com.mohs.config.StartBrowser">
    <ignored/>
  </testcase> <!-- @BeforeTest generateReport -->
  <testcase name="@BeforeTest generateReport" time="0.0" classname="com.mohs.config.StartBrowser">
    <ignored/>
  </testcase> <!-- @BeforeTest generateReport -->
  <testcase name="@BeforeTest generateReport" time="0.0" classname="com.mohs.config.StartBrowser">
    <ignored/>
  </testcase> <!-- @BeforeTest generateReport -->
  <testcase name="@BeforeTest generateReport" time="0.0" classname="com.mohs.config.StartBrowser">
    <ignored/>
  </testcase> <!-- @BeforeTest generateReport -->
  <testcase name="@BeforeTest generateReport" time="0.0" classname="com.mohs.config.StartBrowser">
    <ignored/>
  </testcase> <!-- @BeforeTest generateReport -->
  <testcase name="@BeforeTest generateReport" time="0.0" classname="com.mohs.config.StartBrowser">
    <ignored/>
  </testcase> <!-- @BeforeTest generateReport -->
  <testcase name="@BeforeTest generateReport" time="0.0" classname="com.mohs.config.StartBrowser">
    <ignored/>
  </testcase> <!-- @BeforeTest generateReport -->
  <testcase name="@BeforeTest generateReport" time="0.0" classname="com.mohs.config.StartBrowser">
    <ignored/>
  </testcase> <!-- @BeforeTest generateReport -->
  <testcase name="@BeforeTest generateReport" time="0.0" classname="com.mohs.config.StartBrowser">
    <ignored/>
  </testcase> <!-- @BeforeTest generateReport -->
  <testcase name="@BeforeTest generateReport" time="0.0" classname="com.mohs.config.StartBrowser">
    <ignored/>
  </testcase> <!-- @BeforeTest generateReport -->
  <testcase name="@BeforeTest generateReport" time="0.0" classname="com.mohs.config.StartBrowser">
    <ignored/>
  </testcase> <!-- @BeforeTest generateReport -->
  <testcase name="@BeforeTest generateReport" time="0.0" classname="com.mohs.config.StartBrowser">
    <ignored/>
  </testcase> <!-- @BeforeTest generateReport -->
  <testcase name="@BeforeTest generateReport" time="0.0" classname="com.mohs.config.StartBrowser">
    <ignored/>
  </testcase> <!-- @BeforeTest generateReport -->
  <testcase name="@BeforeTest generateReport" time="0.0" classname="com.mohs.config.StartBrowser">
    <ignored/>
  </testcase> <!-- @BeforeTest generateReport -->
</testsuite> <!-- Test -->
