<?xml version="1.0" encoding="UTF-8"?>
<!-- Generated by org.testng.reporters.JUnitXMLReporter -->
<testsuite ignored="1" hostname="kemas" failures="0" tests="2" name="Mohs10 Release1" time="34.339" errors="0" timestamp="2022-07-14T17:27:44 IST">
  <testcase classname="com.mohs.scripts.LoginAndOrder" name="LoginAndOrderTestCase" time="18.791"/>
  <testcase classname="com.mohs.scripts.ShoppingCart" name="ShoppingCartTestCase" time="9.218"/>
  <testcase classname="com.mohs.config.StartBrowser" name="@BeforeTest generateReport" time="0.0">
    <ignored/>
  </testcase> <!-- @BeforeTest generateReport -->
</testsuite> <!-- Mohs10 Release1 -->
