<?xml version="1.0" encoding="UTF-8"?>
<testng-results ignored="0" total="1" passed="1" failed="0" skipped="0">
  <reporter-output>
  </reporter-output>
  <suite started-at="2022-02-28T18:19:32 IST" name="Default suite" finished-at="2022-02-28T18:19:58 IST" duration-ms="25788">
    <groups>
    </groups>
    <test started-at="2022-02-28T18:19:32 IST" name="Default test" finished-at="2022-02-28T18:19:58 IST" duration-ms="25788">
      <class name="com.mohs.scripts.AddPhProductToCart">
        <test-method is-config="true" signature="generateReport()[pri:0, instance:com.mohs.scripts.AddPhProductToCart@bd4dc25]" started-at="2022-02-28T18:19:32 IST" name="generateReport" finished-at="2022-02-28T18:19:32 IST" duration-ms="551" status="PASS">
          <reporter-output>
          </reporter-output>
        </test-method> <!-- generateReport -->
        <test-method is-config="true" signature="beforeClass()[pri:0, instance:com.mohs.scripts.AddPhProductToCart@bd4dc25]" started-at="2022-02-28T18:19:32 IST" name="beforeClass" finished-at="2022-02-28T18:19:40 IST" duration-ms="7825" status="PASS">
          <reporter-output>
          </reporter-output>
        </test-method> <!-- beforeClass -->
        <test-method is-config="true" signature="methodName(java.lang.reflect.Method)[pri:0, instance:com.mohs.scripts.AddPhProductToCart@bd4dc25]" started-at="2022-02-28T18:19:40 IST" name="methodName" finished-at="2022-02-28T18:19:40 IST" duration-ms="102" status="PASS">
          <params>
            <param index="0">
              <value>
                <![CDATA[public void com.mohs.scripts.AddPhProductToCart.AddPhProductToCartTestCase() throws java.lang.Exception]]>
              </value>
            </param>
          </params>
          <reporter-output>
          </reporter-output>
        </test-method> <!-- methodName -->
        <test-method signature="AddPhProductToCartTestCase()[pri:0, instance:com.mohs.scripts.AddPhProductToCart@bd4dc25]" started-at="2022-02-28T18:19:40 IST" name="AddPhProductToCartTestCase" finished-at="2022-02-28T18:19:57 IST" duration-ms="16211" status="PASS">
          <reporter-output>
          </reporter-output>
        </test-method> <!-- AddPhProductToCartTestCase -->
        <test-method is-config="true" signature="afterClass()[pri:0, instance:com.mohs.scripts.AddPhProductToCart@bd4dc25]" started-at="2022-02-28T18:19:57 IST" name="afterClass" finished-at="2022-02-28T18:19:58 IST" duration-ms="943" status="PASS">
          <reporter-output>
          </reporter-output>
        </test-method> <!-- afterClass -->
      </class> <!-- com.mohs.scripts.AddPhProductToCart -->
    </test> <!-- Default test -->
  </suite> <!-- Default suite -->
</testng-results>
